<?xml version="1.0" encoding="UTF-8"?>
<!-- Generated by org.testng.reporters.JUnitReportReporter -->
<testsuite hostname="DESKTOP-OR6VU5V" name="RadioButtons.TestRadioButtons" tests="1" failures="0" timestamp="3 Aug 2020 10:50:05 GMT" time="8.587" errors="0">
  <testcase name="RadioButtons" time="8.587" classname="RadioButtons.TestRadioButtons"/>
</testsuite> <!-- RadioButtons.TestRadioButtons -->
