<?xml version="1.0" encoding="UTF-8"?>
<!-- Generated by org.testng.reporters.JUnitReportReporter -->
<testsuite hostname="DESKTOP-OR6VU5V" name="RadioButtons.FacebookRadioBtns" tests="1" failures="0" timestamp="3 Aug 2020 14:03:20 GMT" time="27.151" errors="0">
  <testcase name="TestRadioBtn" time="27.151" classname="RadioButtons.FacebookRadioBtns"/>
</testsuite> <!-- RadioButtons.FacebookRadioBtns -->
