<?xml version="1.0" encoding="UTF-8"?>
<!-- Generated by org.testng.reporters.JUnitReportReporter -->
<testsuite hostname="DESKTOP-OR6VU5V" name="RadioButtons.TestRadioButtons2" tests="1" failures="0" timestamp="3 Aug 2020 13:09:24 GMT" time="60.280" errors="0">
  <testcase name="TestRadioBtn" time="60.280" classname="RadioButtons.TestRadioButtons2"/>
</testsuite> <!-- RadioButtons.TestRadioButtons2 -->
